The system is: Linux - 3.13.0-105-generic - x86_64
Compiling the C compiler identification source file "CMakeCCompilerId.c" succeeded.
Compiler: /usr/bin/cc 
Build flags: 
Id flags: 

The output was:
0


Compilation of the C compiler identification source "CMakeCCompilerId.c" produced "a.out"

The C compiler identification is GNU, found in "/fs03/share/users/sebastien.mousnier/home/Bureau/PROJET_MAJEURE/OpenCV_3_Car_Counting_Cpp-master/CMakeFiles/2.8.12.2/CompilerIdC/a.out"

Compiling the CXX compiler identification source file "CMakeCXXCompilerId.cpp" succeeded.
Compiler: /usr/bin/c++ 
Build flags: 
Id flags: 

The output was:
0


Compilation of the CXX compiler identification source "CMakeCXXCompilerId.cpp" produced "a.out"

The CXX compiler identification is GNU, found in "/fs03/share/users/sebastien.mousnier/home/Bureau/PROJET_MAJEURE/OpenCV_3_Car_Counting_Cpp-master/CMakeFiles/2.8.12.2/CompilerIdCXX/a.out"

Determining if the C compiler works passed with the following output:
Change Dir: /fs03/share/users/sebastien.mousnier/home/Bureau/PROJET_MAJEURE/OpenCV_3_Car_Counting_Cpp-master/CMakeFiles/CMakeTmp

Run Build Command:/usr/bin/make "cmTryCompileExec175296173/fast"
/usr/bin/make -f CMakeFiles/cmTryCompileExec175296173.dir/build.make CMakeFiles/cmTryCompileExec175296173.dir/build
make[1]: entrant dans le répertoire « /fs03/share/users/sebastien.mousnier/home/Bureau/PROJET_MAJEURE/OpenCV_3_Car_Counting_Cpp-master/CMakeFiles/CMakeTmp »
/usr/bin/cmake -E cmake_progress_report /fs03/share/users/sebastien.mousnier/home/Bureau/PROJET_MAJEURE/OpenCV_3_Car_Counting_Cpp-master/CMakeFiles/CMakeTmp/CMakeFiles 1
Building C object CMakeFiles/cmTryCompileExec175296173.dir/testCCompiler.c.o
/usr/bin/cc    -o CMakeFiles/cmTryCompileExec175296173.dir/testCCompiler.c.o   -c /fs03/share/users/sebastien.mousnier/home/Bureau/PROJET_MAJEURE/OpenCV_3_Car_Counting_Cpp-master/CMakeFiles/CMakeTmp/testCCompiler.c
Linking C executable cmTryCompileExec175296173
/usr/bin/cmake -E cmake_link_script CMakeFiles/cmTryCompileExec175296173.dir/link.txt --verbose=1
/usr/bin/cc       CMakeFiles/cmTryCompileExec175296173.dir/testCCompiler.c.o  -o cmTryCompileExec175296173 -rdynamic 
make[1]: quittant le répertoire « /fs03/share/users/sebastien.mousnier/home/Bureau/PROJET_MAJEURE/OpenCV_3_Car_Counting_Cpp-master/CMakeFiles/CMakeTmp »


Detecting C compiler ABI info compiled with the following output:
Change Dir: /fs03/share/users/sebastien.mousnier/home/Bureau/PROJET_MAJEURE/OpenCV_3_Car_Counting_Cpp-master/CMakeFiles/CMakeTmp

Run Build Command:/usr/bin/make "cmTryCompileExec1778294168/fast"
/usr/bin/make -f CMakeFiles/cmTryCompileExec1778294168.dir/build.make CMakeFiles/cmTryCompileExec1778294168.dir/build
make[1]: entrant dans le répertoire « /fs03/share/users/sebastien.mousnier/home/Bureau/PROJET_MAJEURE/OpenCV_3_Car_Counting_Cpp-master/CMakeFiles/CMakeTmp »
/usr/bin/cmake -E cmake_progress_report /fs03/share/users/sebastien.mousnier/home/Bureau/PROJET_MAJEURE/OpenCV_3_Car_Counting_Cpp-master/CMakeFiles/CMakeTmp/CMakeFiles 1
Building C object CMakeFiles/cmTryCompileExec1778294168.dir/CMakeCCompilerABI.c.o
/usr/bin/cc    -o CMakeFiles/cmTryCompileExec1778294168.dir/CMakeCCompilerABI.c.o   -c /usr/share/cmake-2.8/Modules/CMakeCCompilerABI.c
Linking C executable cmTryCompileExec1778294168
/usr/bin/cmake -E cmake_link_script CMakeFiles/cmTryCompileExec1778294168.dir/link.txt --verbose=1
/usr/bin/cc     -v CMakeFiles/cmTryCompileExec1778294168.dir/CMakeCCompilerABI.c.o  -o cmTryCompileExec1778294168 -rdynamic  
Using built-in specs.
COLLECT_GCC=/usr/bin/cc
COLLECT_LTO_WRAPPER=/usr/lib/gcc/x86_64-linux-gnu/4.8/lto-wrapper
Target: x86_64-linux-gnu
Configured with: ../src/configure -v --with-pkgversion='Ubuntu 4.8.2-19ubuntu1' --with-bugurl=file:///usr/share/doc/gcc-4.8/README.Bugs --enable-languages=c,c++,java,go,d,fortran,objc,obj-c++ --prefix=/usr --program-suffix=-4.8 --enable-shared --enable-linker-build-id --libexecdir=/usr/lib --without-included-gettext --enable-threads=posix --with-gxx-include-dir=/usr/include/c++/4.8 --libdir=/usr/lib --enable-nls --with-sysroot=/ --enable-clocale=gnu --enable-libstdcxx-debug --enable-libstdcxx-time=yes --enable-gnu-unique-object --disable-libmudflap --enable-plugin --with-system-zlib --disable-browser-plugin --enable-java-awt=gtk --enable-gtk-cairo --with-java-home=/usr/lib/jvm/java-1.5.0-gcj-4.8-amd64/jre --enable-java-home --with-jvm-root-dir=/usr/lib/jvm/java-1.5.0-gcj-4.8-amd64 --with-jvm-jar-dir=/usr/lib/jvm-exports/java-1.5.0-gcj-4.8-amd64 --with-arch-directory=amd64 --with-ecj-jar=/usr/share/java/eclipse-ecj.jar --enable-objc-gc --enable-multiarch --disable-werror --with-arch-32=i686 --with-abi=m64 --with-multilib-list=m32,m64,mx32 --with-tune=generic --enable-checking=release --build=x86_64-linux-gnu --host=x86_64-linux-gnu --target=x86_64-linux-gnu
Thread model: posix
gcc version 4.8.2 (Ubuntu 4.8.2-19ubuntu1) 
COMPILER_PATH=/usr/lib/gcc/x86_64-linux-gnu/4.8/:/usr/lib/gcc/x86_64-linux-gnu/4.8/:/usr/lib/gcc/x86_64-linux-gnu/:/usr/lib/gcc/x86_64-linux-gnu/4.8/:/usr/lib/gcc/x86_64-linux-gnu/
LIBRARY_PATH=/usr/lib/gcc/x86_64-linux-gnu/4.8/:/usr/lib/gcc/x86_64-linux-gnu/4.8/../../../x86_64-linux-gnu/:/usr/lib/gcc/x86_64-linux-gnu/4.8/../../../../lib/:/lib/x86_64-linux-gnu/:/lib/../lib/:/usr/lib/x86_64-linux-gnu/:/usr/lib/../lib/:/usr/lib/gcc/x86_64-linux-gnu/4.8/../../../:/lib/:/usr/lib/
COLLECT_GCC_OPTIONS='-v' '-o' 'cmTryCompileExec1778294168' '-rdynamic' '-mtune=generic' '-march=x86-64'
 /usr/lib/gcc/x86_64-linux-gnu/4.8/collect2 --sysroot=/ --build-id --eh-frame-hdr -m elf_x86_64 --hash-style=gnu --as-needed -export-dynamic -dynamic-linker /lib64/ld-linux-x86-64.so.2 -z relro -o cmTryCompileExec1778294168 /usr/lib/gcc/x86_64-linux-gnu/4.8/../../../x86_64-linux-gnu/crt1.o /usr/lib/gcc/x86_64-linux-gnu/4.8/../../../x86_64-linux-gnu/crti.o /usr/lib/gcc/x86_64-linux-gnu/4.8/crtbegin.o -L/usr/lib/gcc/x86_64-linux-gnu/4.8 -L/usr/lib/gcc/x86_64-linux-gnu/4.8/../../../x86_64-linux-gnu -L/usr/lib/gcc/x86_64-linux-gnu/4.8/../../../../lib -L/lib/x86_64-linux-gnu -L/lib/../lib -L/usr/lib/x86_64-linux-gnu -L/usr/lib/../lib -L/usr/lib/gcc/x86_64-linux-gnu/4.8/../../.. CMakeFiles/cmTryCompileExec1778294168.dir/CMakeCCompilerABI.c.o -lgcc --as-needed -lgcc_s --no-as-needed -lc -lgcc --as-needed -lgcc_s --no-as-needed /usr/lib/gcc/x86_64-linux-gnu/4.8/crtend.o /usr/lib/gcc/x86_64-linux-gnu/4.8/../../../x86_64-linux-gnu/crtn.o
make[1]: quittant le répertoire « /fs03/share/users/sebastien.mousnier/home/Bureau/PROJET_MAJEURE/OpenCV_3_Car_Counting_Cpp-master/CMakeFiles/CMakeTmp »


Parsed C implicit link information from above output:
  link line regex: [^( *|.*[/\])(ld|([^/\]+-)?ld|collect2)[^/\]*( |$)]
  ignore line: [Change Dir: /fs03/share/users/sebastien.mousnier/home/Bureau/PROJET_MAJEURE/OpenCV_3_Car_Counting_Cpp-master/CMakeFiles/CMakeTmp]
  ignore line: []
  ignore line: [Run Build Command:/usr/bin/make "cmTryCompileExec1778294168/fast"]
  ignore line: [/usr/bin/make -f CMakeFiles/cmTryCompileExec1778294168.dir/build.make CMakeFiles/cmTryCompileExec1778294168.dir/build]
  ignore line: [make[1]: entrant dans le répertoire « /fs03/share/users/sebastien.mousnier/home/Bureau/PROJET_MAJEURE/OpenCV_3_Car_Counting_Cpp-master/CMakeFiles/CMakeTmp »]
  ignore line: [/usr/bin/cmake -E cmake_progress_report /fs03/share/users/sebastien.mousnier/home/Bureau/PROJET_MAJEURE/OpenCV_3_Car_Counting_Cpp-master/CMakeFiles/CMakeTmp/CMakeFiles 1]
  ignore line: [Building C object CMakeFiles/cmTryCompileExec1778294168.dir/CMakeCCompilerABI.c.o]
  ignore line: [/usr/bin/cc    -o CMakeFiles/cmTryCompileExec1778294168.dir/CMakeCCompilerABI.c.o   -c /usr/share/cmake-2.8/Modules/CMakeCCompilerABI.c]
  ignore line: [Linking C executable cmTryCompileExec1778294168]
  ignore line: [/usr/bin/cmake -E cmake_link_script CMakeFiles/cmTryCompileExec1778294168.dir/link.txt --verbose=1]
  ignore line: [/usr/bin/cc     -v CMakeFiles/cmTryCompileExec1778294168.dir/CMakeCCompilerABI.c.o  -o cmTryCompileExec1778294168 -rdynamic  ]
  ignore line: [Using built-in specs.]
  ignore line: [COLLECT_GCC=/usr/bin/cc]
  ignore line: [COLLECT_LTO_WRAPPER=/usr/lib/gcc/x86_64-linux-gnu/4.8/lto-wrapper]
  ignore line: [Target: x86_64-linux-gnu]
  ignore line: [Configured with: ../src/configure -v --with-pkgversion='Ubuntu 4.8.2-19ubuntu1' --with-bugurl=file:///usr/share/doc/gcc-4.8/README.Bugs --enable-languages=c,c++,java,go,d,fortran,objc,obj-c++ --prefix=/usr --program-suffix=-4.8 --enable-shared --enable-linker-build-id --libexecdir=/usr/lib --without-included-gettext --enable-threads=posix --with-gxx-include-dir=/usr/include/c++/4.8 --libdir=/usr/lib --enable-nls --with-sysroot=/ --enable-clocale=gnu --enable-libstdcxx-debug --enable-libstdcxx-time=yes --enable-gnu-unique-object --disable-libmudflap --enable-plugin --with-system-zlib --disable-browser-plugin --enable-java-awt=gtk --enable-gtk-cairo --with-java-home=/usr/lib/jvm/java-1.5.0-gcj-4.8-amd64/jre --enable-java-home --with-jvm-root-dir=/usr/lib/jvm/java-1.5.0-gcj-4.8-amd64 --with-jvm-jar-dir=/usr/lib/jvm-exports/java-1.5.0-gcj-4.8-amd64 --with-arch-directory=amd64 --with-ecj-jar=/usr/share/java/eclipse-ecj.jar --enable-objc-gc --enable-multiarch --disable-werror --with-arch-32=i686 --with-abi=m64 --with-multilib-list=m32,m64,mx32 --with-tune=generic --enable-checking=release --build=x86_64-linux-gnu --host=x86_64-linux-gnu --target=x86_64-linux-gnu]
  ignore line: [Thread model: posix]
  ignore line: [gcc version 4.8.2 (Ubuntu 4.8.2-19ubuntu1) ]
  ignore line: [COMPILER_PATH=/usr/lib/gcc/x86_64-linux-gnu/4.8/:/usr/lib/gcc/x86_64-linux-gnu/4.8/:/usr/lib/gcc/x86_64-linux-gnu/:/usr/lib/gcc/x86_64-linux-gnu/4.8/:/usr/lib/gcc/x86_64-linux-gnu/]
  ignore line: [LIBRARY_PATH=/usr/lib/gcc/x86_64-linux-gnu/4.8/:/usr/lib/gcc/x86_64-linux-gnu/4.8/../../../x86_64-linux-gnu/:/usr/lib/gcc/x86_64-linux-gnu/4.8/../../../../lib/:/lib/x86_64-linux-gnu/:/lib/../lib/:/usr/lib/x86_64-linux-gnu/:/usr/lib/../lib/:/usr/lib/gcc/x86_64-linux-gnu/4.8/../../../:/lib/:/usr/lib/]
  ignore line: [COLLECT_GCC_OPTIONS='-v' '-o' 'cmTryCompileExec1778294168' '-rdynamic' '-mtune=generic' '-march=x86-64']
  link line: [ /usr/lib/gcc/x86_64-linux-gnu/4.8/collect2 --sysroot=/ --build-id --eh-frame-hdr -m elf_x86_64 --hash-style=gnu --as-needed -export-dynamic -dynamic-linker /lib64/ld-linux-x86-64.so.2 -z relro -o cmTryCompileExec1778294168 /usr/lib/gcc/x86_64-linux-gnu/4.8/../../../x86_64-linux-gnu/crt1.o /usr/lib/gcc/x86_64-linux-gnu/4.8/../../../x86_64-linux-gnu/crti.o /usr/lib/gcc/x86_64-linux-gnu/4.8/crtbegin.o -L/usr/lib/gcc/x86_64-linux-gnu/4.8 -L/usr/lib/gcc/x86_64-linux-gnu/4.8/../../../x86_64-linux-gnu -L/usr/lib/gcc/x86_64-linux-gnu/4.8/../../../../lib -L/lib/x86_64-linux-gnu -L/lib/../lib -L/usr/lib/x86_64-linux-gnu -L/usr/lib/../lib -L/usr/lib/gcc/x86_64-linux-gnu/4.8/../../.. CMakeFiles/cmTryCompileExec1778294168.dir/CMakeCCompilerABI.c.o -lgcc --as-needed -lgcc_s --no-as-needed -lc -lgcc --as-needed -lgcc_s --no-as-needed /usr/lib/gcc/x86_64-linux-gnu/4.8/crtend.o /usr/lib/gcc/x86_64-linux-gnu/4.8/../../../x86_64-linux-gnu/crtn.o]
    arg [/usr/lib/gcc/x86_64-linux-gnu/4.8/collect2] ==> ignore
    arg [--sysroot=/] ==> ignore
    arg [--build-id] ==> ignore
    arg [--eh-frame-hdr] ==> ignore
    arg [-m] ==> ignore
    arg [elf_x86_64] ==> ignore
    arg [--hash-style=gnu] ==> ignore
    arg [--as-needed] ==> ignore
    arg [-export-dynamic] ==> ignore
    arg [-dynamic-linker] ==> ignore
    arg [/lib64/ld-linux-x86-64.so.2] ==> ignore
    arg [-zrelro] ==> ignore
    arg [-o] ==> ignore
    arg [cmTryCompileExec1778294168] ==> ignore
    arg [/usr/lib/gcc/x86_64-linux-gnu/4.8/../../../x86_64-linux-gnu/crt1.o] ==> ignore
    arg [/usr/lib/gcc/x86_64-linux-gnu/4.8/../../../x86_64-linux-gnu/crti.o] ==> ignore
    arg [/usr/lib/gcc/x86_64-linux-gnu/4.8/crtbegin.o] ==> ignore
    arg [-L/usr/lib/gcc/x86_64-linux-gnu/4.8] ==> dir [/usr/lib/gcc/x86_64-linux-gnu/4.8]
    arg [-L/usr/lib/gcc/x86_64-linux-gnu/4.8/../../../x86_64-linux-gnu] ==> dir [/usr/lib/gcc/x86_64-linux-gnu/4.8/../../../x86_64-linux-gnu]
    arg [-L/usr/lib/gcc/x86_64-linux-gnu/4.8/../../../../lib] ==> dir [/usr/lib/gcc/x86_64-linux-gnu/4.8/../../../../lib]
    arg [-L/lib/x86_64-linux-gnu] ==> dir [/lib/x86_64-linux-gnu]
    arg [-L/lib/../lib] ==> dir [/lib/../lib]
    arg [-L/usr/lib/x86_64-linux-gnu] ==> dir [/usr/lib/x86_64-linux-gnu]
    arg [-L/usr/lib/../lib] ==> dir [/usr/lib/../lib]
    arg [-L/usr/lib/gcc/x86_64-linux-gnu/4.8/../../..] ==> dir [/usr/lib/gcc/x86_64-linux-gnu/4.8/../../..]
    arg [CMakeFiles/cmTryCompileExec1778294168.dir/CMakeCCompilerABI.c.o] ==> ignore
    arg [-lgcc] ==> lib [gcc]
    arg [--as-needed] ==> ignore
    arg [-lgcc_s] ==> lib [gcc_s]
    arg [--no-as-needed] ==> ignore
    arg [-lc] ==> lib [c]
    arg [-lgcc] ==> lib [gcc]
    arg [--as-needed] ==> ignore
    arg [-lgcc_s] ==> lib [gcc_s]
    arg [--no-as-needed] ==> ignore
    arg [/usr/lib/gcc/x86_64-linux-gnu/4.8/crtend.o] ==> ignore
    arg [/usr/lib/gcc/x86_64-linux-gnu/4.8/../../../x86_64-linux-gnu/crtn.o] ==> ignore
  remove lib [gcc]
  remove lib [gcc_s]
  remove lib [gcc]
  remove lib [gcc_s]
  collapse library dir [/usr/lib/gcc/x86_64-linux-gnu/4.8] ==> [/usr/lib/gcc/x86_64-linux-gnu/4.8]
  collapse library dir [/usr/lib/gcc/x86_64-linux-gnu/4.8/../../../x86_64-linux-gnu] ==> [/usr/lib/x86_64-linux-gnu]
  collapse library dir [/usr/lib/gcc/x86_64-linux-gnu/4.8/../../../../lib] ==> [/usr/lib]
  collapse library dir [/lib/x86_64-linux-gnu] ==> [/lib/x86_64-linux-gnu]
  collapse library dir [/lib/../lib] ==> [/lib]
  collapse library dir [/usr/lib/x86_64-linux-gnu] ==> [/usr/lib/x86_64-linux-gnu]
  collapse library dir [/usr/lib/../lib] ==> [/usr/lib]
  collapse library dir [/usr/lib/gcc/x86_64-linux-gnu/4.8/../../..] ==> [/usr/lib]
  implicit libs: [c]
  implicit dirs: [/usr/lib/gcc/x86_64-linux-gnu/4.8;/usr/lib/x86_64-linux-gnu;/usr/lib;/lib/x86_64-linux-gnu;/lib]
  implicit fwks: []


Determining if the CXX compiler works passed with the following output:
Change Dir: /fs03/share/users/sebastien.mousnier/home/Bureau/PROJET_MAJEURE/OpenCV_3_Car_Counting_Cpp-master/CMakeFiles/CMakeTmp

Run Build Command:/usr/bin/make "cmTryCompileExec197616295/fast"
/usr/bin/make -f CMakeFiles/cmTryCompileExec197616295.dir/build.make CMakeFiles/cmTryCompileExec197616295.dir/build
make[1]: entrant dans le répertoire « /fs03/share/users/sebastien.mousnier/home/Bureau/PROJET_MAJEURE/OpenCV_3_Car_Counting_Cpp-master/CMakeFiles/CMakeTmp »
/usr/bin/cmake -E cmake_progress_report /fs03/share/users/sebastien.mousnier/home/Bureau/PROJET_MAJEURE/OpenCV_3_Car_Counting_Cpp-master/CMakeFiles/CMakeTmp/CMakeFiles 1
Building CXX object CMakeFiles/cmTryCompileExec197616295.dir/testCXXCompiler.cxx.o
/usr/bin/c++     -o CMakeFiles/cmTryCompileExec197616295.dir/testCXXCompiler.cxx.o -c /fs03/share/users/sebastien.mousnier/home/Bureau/PROJET_MAJEURE/OpenCV_3_Car_Counting_Cpp-master/CMakeFiles/CMakeTmp/testCXXCompiler.cxx
Linking CXX executable cmTryCompileExec197616295
/usr/bin/cmake -E cmake_link_script CMakeFiles/cmTryCompileExec197616295.dir/link.txt --verbose=1
/usr/bin/c++        CMakeFiles/cmTryCompileExec197616295.dir/testCXXCompiler.cxx.o  -o cmTryCompileExec197616295 -rdynamic 
make[1]: quittant le répertoire « /fs03/share/users/sebastien.mousnier/home/Bureau/PROJET_MAJEURE/OpenCV_3_Car_Counting_Cpp-master/CMakeFiles/CMakeTmp »


Detecting CXX compiler ABI info compiled with the following output:
Change Dir: /fs03/share/users/sebastien.mousnier/home/Bureau/PROJET_MAJEURE/OpenCV_3_Car_Counting_Cpp-master/CMakeFiles/CMakeTmp

Run Build Command:/usr/bin/make "cmTryCompileExec1087328374/fast"
/usr/bin/make -f CMakeFiles/cmTryCompileExec1087328374.dir/build.make CMakeFiles/cmTryCompileExec1087328374.dir/build
make[1]: entrant dans le répertoire « /fs03/share/users/sebastien.mousnier/home/Bureau/PROJET_MAJEURE/OpenCV_3_Car_Counting_Cpp-master/CMakeFiles/CMakeTmp »
/usr/bin/cmake -E cmake_progress_report /fs03/share/users/sebastien.mousnier/home/Bureau/PROJET_MAJEURE/OpenCV_3_Car_Counting_Cpp-master/CMakeFiles/CMakeTmp/CMakeFiles 1
Building CXX object CMakeFiles/cmTryCompileExec1087328374.dir/CMakeCXXCompilerABI.cpp.o
/usr/bin/c++     -o CMakeFiles/cmTryCompileExec1087328374.dir/CMakeCXXCompilerABI.cpp.o -c /usr/share/cmake-2.8/Modules/CMakeCXXCompilerABI.cpp
Linking CXX executable cmTryCompileExec1087328374
/usr/bin/cmake -E cmake_link_script CMakeFiles/cmTryCompileExec1087328374.dir/link.txt --verbose=1
/usr/bin/c++      -v CMakeFiles/cmTryCompileExec1087328374.dir/CMakeCXXCompilerABI.cpp.o  -o cmTryCompileExec1087328374 -rdynamic  
Using built-in specs.
COLLECT_GCC=/usr/bin/c++
COLLECT_LTO_WRAPPER=/usr/lib/gcc/x86_64-linux-gnu/4.8/lto-wrapper
Target: x86_64-linux-gnu
Configured with: ../src/configure -v --with-pkgversion='Ubuntu 4.8.2-19ubuntu1' --with-bugurl=file:///usr/share/doc/gcc-4.8/README.Bugs --enable-languages=c,c++,java,go,d,fortran,objc,obj-c++ --prefix=/usr --program-suffix=-4.8 --enable-shared --enable-linker-build-id --libexecdir=/usr/lib --without-included-gettext --enable-threads=posix --with-gxx-include-dir=/usr/include/c++/4.8 --libdir=/usr/lib --enable-nls --with-sysroot=/ --enable-clocale=gnu --enable-libstdcxx-debug --enable-libstdcxx-time=yes --enable-gnu-unique-object --disable-libmudflap --enable-plugin --with-system-zlib --disable-browser-plugin --enable-java-awt=gtk --enable-gtk-cairo --with-java-home=/usr/lib/jvm/java-1.5.0-gcj-4.8-amd64/jre --enable-java-home --with-jvm-root-dir=/usr/lib/jvm/java-1.5.0-gcj-4.8-amd64 --with-jvm-jar-dir=/usr/lib/jvm-exports/java-1.5.0-gcj-4.8-amd64 --with-arch-directory=amd64 --with-ecj-jar=/usr/share/java/eclipse-ecj.jar --enable-objc-gc --enable-multiarch --disable-werror --with-arch-32=i686 --with-abi=m64 --with-multilib-list=m32,m64,mx32 --with-tune=generic --enable-checking=release --build=x86_64-linux-gnu --host=x86_64-linux-gnu --target=x86_64-linux-gnu
Thread model: posix
gcc version 4.8.2 (Ubuntu 4.8.2-19ubuntu1) 
COMPILER_PATH=/usr/lib/gcc/x86_64-linux-gnu/4.8/:/usr/lib/gcc/x86_64-linux-gnu/4.8/:/usr/lib/gcc/x86_64-linux-gnu/:/usr/lib/gcc/x86_64-linux-gnu/4.8/:/usr/lib/gcc/x86_64-linux-gnu/
LIBRARY_PATH=/usr/lib/gcc/x86_64-linux-gnu/4.8/:/usr/lib/gcc/x86_64-linux-gnu/4.8/../../../x86_64-linux-gnu/:/usr/lib/gcc/x86_64-linux-gnu/4.8/../../../../lib/:/lib/x86_64-linux-gnu/:/lib/../lib/:/usr/lib/x86_64-linux-gnu/:/usr/lib/../lib/:/usr/lib/gcc/x86_64-linux-gnu/4.8/../../../:/lib/:/usr/lib/
COLLECT_GCC_OPTIONS='-v' '-o' 'cmTryCompileExec1087328374' '-rdynamic' '-shared-libgcc' '-mtune=generic' '-march=x86-64'
 /usr/lib/gcc/x86_64-linux-gnu/4.8/collect2 --sysroot=/ --build-id --eh-frame-hdr -m elf_x86_64 --hash-style=gnu --as-needed -export-dynamic -dynamic-linker /lib64/ld-linux-x86-64.so.2 -z relro -o cmTryCompileExec1087328374 /usr/lib/gcc/x86_64-linux-gnu/4.8/../../../x86_64-linux-gnu/crt1.o /usr/lib/gcc/x86_64-linux-gnu/4.8/../../../x86_64-linux-gnu/crti.o /usr/lib/gcc/x86_64-linux-gnu/4.8/crtbegin.o -L/usr/lib/gcc/x86_64-linux-gnu/4.8 -L/usr/lib/gcc/x86_64-linux-gnu/4.8/../../../x86_64-linux-gnu -L/usr/lib/gcc/x86_64-linux-gnu/4.8/../../../../lib -L/lib/x86_64-linux-gnu -L/lib/../lib -L/usr/lib/x86_64-linux-gnu -L/usr/lib/../lib -L/usr/lib/gcc/x86_64-linux-gnu/4.8/../../.. CMakeFiles/cmTryCompileExec1087328374.dir/CMakeCXXCompilerABI.cpp.o -lstdc++ -lm -lgcc_s -lgcc -lc -lgcc_s -lgcc /usr/lib/gcc/x86_64-linux-gnu/4.8/crtend.o /usr/lib/gcc/x86_64-linux-gnu/4.8/../../../x86_64-linux-gnu/crtn.o
make[1]: quittant le répertoire « /fs03/share/users/sebastien.mousnier/home/Bureau/PROJET_MAJEURE/OpenCV_3_Car_Counting_Cpp-master/CMakeFiles/CMakeTmp »


Parsed CXX implicit link information from above output:
  link line regex: [^( *|.*[/\])(ld|([^/\]+-)?ld|collect2)[^/\]*( |$)]
  ignore line: [Change Dir: /fs03/share/users/sebastien.mousnier/home/Bureau/PROJET_MAJEURE/OpenCV_3_Car_Counting_Cpp-master/CMakeFiles/CMakeTmp]
  ignore line: []
  ignore line: [Run Build Command:/usr/bin/make "cmTryCompileExec1087328374/fast"]
  ignore line: [/usr/bin/make -f CMakeFiles/cmTryCompileExec1087328374.dir/build.make CMakeFiles/cmTryCompileExec1087328374.dir/build]
  ignore line: [make[1]: entrant dans le répertoire « /fs03/share/users/sebastien.mousnier/home/Bureau/PROJET_MAJEURE/OpenCV_3_Car_Counting_Cpp-master/CMakeFiles/CMakeTmp »]
  ignore line: [/usr/bin/cmake -E cmake_progress_report /fs03/share/users/sebastien.mousnier/home/Bureau/PROJET_MAJEURE/OpenCV_3_Car_Counting_Cpp-master/CMakeFiles/CMakeTmp/CMakeFiles 1]
  ignore line: [Building CXX object CMakeFiles/cmTryCompileExec1087328374.dir/CMakeCXXCompilerABI.cpp.o]
  ignore line: [/usr/bin/c++     -o CMakeFiles/cmTryCompileExec1087328374.dir/CMakeCXXCompilerABI.cpp.o -c /usr/share/cmake-2.8/Modules/CMakeCXXCompilerABI.cpp]
  ignore line: [Linking CXX executable cmTryCompileExec1087328374]
  ignore line: [/usr/bin/cmake -E cmake_link_script CMakeFiles/cmTryCompileExec1087328374.dir/link.txt --verbose=1]
  ignore line: [/usr/bin/c++      -v CMakeFiles/cmTryCompileExec1087328374.dir/CMakeCXXCompilerABI.cpp.o  -o cmTryCompileExec1087328374 -rdynamic  ]
  ignore line: [Using built-in specs.]
  ignore line: [COLLECT_GCC=/usr/bin/c++]
  ignore line: [COLLECT_LTO_WRAPPER=/usr/lib/gcc/x86_64-linux-gnu/4.8/lto-wrapper]
  ignore line: [Target: x86_64-linux-gnu]
  ignore line: [Configured with: ../src/configure -v --with-pkgversion='Ubuntu 4.8.2-19ubuntu1' --with-bugurl=file:///usr/share/doc/gcc-4.8/README.Bugs --enable-languages=c,c++,java,go,d,fortran,objc,obj-c++ --prefix=/usr --program-suffix=-4.8 --enable-shared --enable-linker-build-id --libexecdir=/usr/lib --without-included-gettext --enable-threads=posix --with-gxx-include-dir=/usr/include/c++/4.8 --libdir=/usr/lib --enable-nls --with-sysroot=/ --enable-clocale=gnu --enable-libstdcxx-debug --enable-libstdcxx-time=yes --enable-gnu-unique-object --disable-libmudflap --enable-plugin --with-system-zlib --disable-browser-plugin --enable-java-awt=gtk --enable-gtk-cairo --with-java-home=/usr/lib/jvm/java-1.5.0-gcj-4.8-amd64/jre --enable-java-home --with-jvm-root-dir=/usr/lib/jvm/java-1.5.0-gcj-4.8-amd64 --with-jvm-jar-dir=/usr/lib/jvm-exports/java-1.5.0-gcj-4.8-amd64 --with-arch-directory=amd64 --with-ecj-jar=/usr/share/java/eclipse-ecj.jar --enable-objc-gc --enable-multiarch --disable-werror --with-arch-32=i686 --with-abi=m64 --with-multilib-list=m32,m64,mx32 --with-tune=generic --enable-checking=release --build=x86_64-linux-gnu --host=x86_64-linux-gnu --target=x86_64-linux-gnu]
  ignore line: [Thread model: posix]
  ignore line: [gcc version 4.8.2 (Ubuntu 4.8.2-19ubuntu1) ]
  ignore line: [COMPILER_PATH=/usr/lib/gcc/x86_64-linux-gnu/4.8/:/usr/lib/gcc/x86_64-linux-gnu/4.8/:/usr/lib/gcc/x86_64-linux-gnu/:/usr/lib/gcc/x86_64-linux-gnu/4.8/:/usr/lib/gcc/x86_64-linux-gnu/]
  ignore line: [LIBRARY_PATH=/usr/lib/gcc/x86_64-linux-gnu/4.8/:/usr/lib/gcc/x86_64-linux-gnu/4.8/../../../x86_64-linux-gnu/:/usr/lib/gcc/x86_64-linux-gnu/4.8/../../../../lib/:/lib/x86_64-linux-gnu/:/lib/../lib/:/usr/lib/x86_64-linux-gnu/:/usr/lib/../lib/:/usr/lib/gcc/x86_64-linux-gnu/4.8/../../../:/lib/:/usr/lib/]
  ignore line: [COLLECT_GCC_OPTIONS='-v' '-o' 'cmTryCompileExec1087328374' '-rdynamic' '-shared-libgcc' '-mtune=generic' '-march=x86-64']
  link line: [ /usr/lib/gcc/x86_64-linux-gnu/4.8/collect2 --sysroot=/ --build-id --eh-frame-hdr -m elf_x86_64 --hash-style=gnu --as-needed -export-dynamic -dynamic-linker /lib64/ld-linux-x86-64.so.2 -z relro -o cmTryCompileExec1087328374 /usr/lib/gcc/x86_64-linux-gnu/4.8/../../../x86_64-linux-gnu/crt1.o /usr/lib/gcc/x86_64-linux-gnu/4.8/../../../x86_64-linux-gnu/crti.o /usr/lib/gcc/x86_64-linux-gnu/4.8/crtbegin.o -L/usr/lib/gcc/x86_64-linux-gnu/4.8 -L/usr/lib/gcc/x86_64-linux-gnu/4.8/../../../x86_64-linux-gnu -L/usr/lib/gcc/x86_64-linux-gnu/4.8/../../../../lib -L/lib/x86_64-linux-gnu -L/lib/../lib -L/usr/lib/x86_64-linux-gnu -L/usr/lib/../lib -L/usr/lib/gcc/x86_64-linux-gnu/4.8/../../.. CMakeFiles/cmTryCompileExec1087328374.dir/CMakeCXXCompilerABI.cpp.o -lstdc++ -lm -lgcc_s -lgcc -lc -lgcc_s -lgcc /usr/lib/gcc/x86_64-linux-gnu/4.8/crtend.o /usr/lib/gcc/x86_64-linux-gnu/4.8/../../../x86_64-linux-gnu/crtn.o]
    arg [/usr/lib/gcc/x86_64-linux-gnu/4.8/collect2] ==> ignore
    arg [--sysroot=/] ==> ignore
    arg [--build-id] ==> ignore
    arg [--eh-frame-hdr] ==> ignore
    arg [-m] ==> ignore
    arg [elf_x86_64] ==> ignore
    arg [--hash-style=gnu] ==> ignore
    arg [--as-needed] ==> ignore
    arg [-export-dynamic] ==> ignore
    arg [-dynamic-linker] ==> ignore
    arg [/lib64/ld-linux-x86-64.so.2] ==> ignore
    arg [-zrelro] ==> ignore
    arg [-o] ==> ignore
    arg [cmTryCompileExec1087328374] ==> ignore
    arg [/usr/lib/gcc/x86_64-linux-gnu/4.8/../../../x86_64-linux-gnu/crt1.o] ==> ignore
    arg [/usr/lib/gcc/x86_64-linux-gnu/4.8/../../../x86_64-linux-gnu/crti.o] ==> ignore
    arg [/usr/lib/gcc/x86_64-linux-gnu/4.8/crtbegin.o] ==> ignore
    arg [-L/usr/lib/gcc/x86_64-linux-gnu/4.8] ==> dir [/usr/lib/gcc/x86_64-linux-gnu/4.8]
    arg [-L/usr/lib/gcc/x86_64-linux-gnu/4.8/../../../x86_64-linux-gnu] ==> dir [/usr/lib/gcc/x86_64-linux-gnu/4.8/../../../x86_64-linux-gnu]
    arg [-L/usr/lib/gcc/x86_64-linux-gnu/4.8/../../../../lib] ==> dir [/usr/lib/gcc/x86_64-linux-gnu/4.8/../../../../lib]
    arg [-L/lib/x86_64-linux-gnu] ==> dir [/lib/x86_64-linux-gnu]
    arg [-L/lib/../lib] ==> dir [/lib/../lib]
    arg [-L/usr/lib/x86_64-linux-gnu] ==> dir [/usr/lib/x86_64-linux-gnu]
    arg [-L/usr/lib/../lib] ==> dir [/usr/lib/../lib]
    arg [-L/usr/lib/gcc/x86_64-linux-gnu/4.8/../../..] ==> dir [/usr/lib/gcc/x86_64-linux-gnu/4.8/../../..]
    arg [CMakeFiles/cmTryCompileExec1087328374.dir/CMakeCXXCompilerABI.cpp.o] ==> ignore
    arg [-lstdc++] ==> lib [stdc++]
    arg [-lm] ==> lib [m]
    arg [-lgcc_s] ==> lib [gcc_s]
    arg [-lgcc] ==> lib [gcc]
    arg [-lc] ==> lib [c]
    arg [-lgcc_s] ==> lib [gcc_s]
    arg [-lgcc] ==> lib [gcc]
    arg [/usr/lib/gcc/x86_64-linux-gnu/4.8/crtend.o] ==> ignore
    arg [/usr/lib/gcc/x86_64-linux-gnu/4.8/../../../x86_64-linux-gnu/crtn.o] ==> ignore
  remove lib [gcc_s]
  remove lib [gcc]
  remove lib [gcc_s]
  remove lib [gcc]
  collapse library dir [/usr/lib/gcc/x86_64-linux-gnu/4.8] ==> [/usr/lib/gcc/x86_64-linux-gnu/4.8]
  collapse library dir [/usr/lib/gcc/x86_64-linux-gnu/4.8/../../../x86_64-linux-gnu] ==> [/usr/lib/x86_64-linux-gnu]
  collapse library dir [/usr/lib/gcc/x86_64-linux-gnu/4.8/../../../../lib] ==> [/usr/lib]
  collapse library dir [/lib/x86_64-linux-gnu] ==> [/lib/x86_64-linux-gnu]
  collapse library dir [/lib/../lib] ==> [/lib]
  collapse library dir [/usr/lib/x86_64-linux-gnu] ==> [/usr/lib/x86_64-linux-gnu]
  collapse library dir [/usr/lib/../lib] ==> [/usr/lib]
  collapse library dir [/usr/lib/gcc/x86_64-linux-gnu/4.8/../../..] ==> [/usr/lib]
  implicit libs: [stdc++;m;c]
  implicit dirs: [/usr/lib/gcc/x86_64-linux-gnu/4.8;/usr/lib/x86_64-linux-gnu;/usr/lib;/lib/x86_64-linux-gnu;/lib]
  implicit fwks: []


Determining if the Q_WS_X11 exist passed with the following output:
Change Dir: /fs03/share/users/sebastien.mousnier/home/Bureau/PROJET_MAJEURE/OpenCV_3_Car_Counting_Cpp-master/CMakeFiles/CMakeTmp

Run Build Command:/usr/bin/make "cmTryCompileExec470917123/fast"
/usr/bin/make -f CMakeFiles/cmTryCompileExec470917123.dir/build.make CMakeFiles/cmTryCompileExec470917123.dir/build
make[1]: entrant dans le répertoire « /fs03/share/users/sebastien.mousnier/home/Bureau/PROJET_MAJEURE/OpenCV_3_Car_Counting_Cpp-master/CMakeFiles/CMakeTmp »
/usr/bin/cmake -E cmake_progress_report /fs03/share/users/sebastien.mousnier/home/Bureau/PROJET_MAJEURE/OpenCV_3_Car_Counting_Cpp-master/CMakeFiles/CMakeTmp/CMakeFiles 1
Building CXX object CMakeFiles/cmTryCompileExec470917123.dir/CheckSymbolExists.cxx.o
/usr/bin/c++    -I/usr/include/qt4    -o CMakeFiles/cmTryCompileExec470917123.dir/CheckSymbolExists.cxx.o -c /fs03/share/users/sebastien.mousnier/home/Bureau/PROJET_MAJEURE/OpenCV_3_Car_Counting_Cpp-master/CMakeFiles/CMakeTmp/CheckSymbolExists.cxx
Linking CXX executable cmTryCompileExec470917123
/usr/bin/cmake -E cmake_link_script CMakeFiles/cmTryCompileExec470917123.dir/link.txt --verbose=1
/usr/bin/c++        CMakeFiles/cmTryCompileExec470917123.dir/CheckSymbolExists.cxx.o  -o cmTryCompileExec470917123 -rdynamic 
make[1]: quittant le répertoire « /fs03/share/users/sebastien.mousnier/home/Bureau/PROJET_MAJEURE/OpenCV_3_Car_Counting_Cpp-master/CMakeFiles/CMakeTmp »

File /fs03/share/users/sebastien.mousnier/home/Bureau/PROJET_MAJEURE/OpenCV_3_Car_Counting_Cpp-master/CMakeFiles/CMakeTmp/CheckSymbolExists.cxx:
/* */
#include <QtCore/qglobal.h>

int main(int argc, char** argv)
{
  (void)argv;
#ifndef Q_WS_X11
  return ((int*)(&Q_WS_X11))[argc];
#else
  (void)argc;
  return 0;
#endif
}

Determining if the function XOpenDisplay exists in the /usr/lib/x86_64-linux-gnu/libX11.so;/usr/lib/x86_64-linux-gnu/libXext.so passed with the following output:
Change Dir: /fs03/share/users/sebastien.mousnier/home/Bureau/PROJET_MAJEURE/OpenCV_3_Car_Counting_Cpp-master/CMakeFiles/CMakeTmp

Run Build Command:/usr/bin/make "cmTryCompileExec497188430/fast"
/usr/bin/make -f CMakeFiles/cmTryCompileExec497188430.dir/build.make CMakeFiles/cmTryCompileExec497188430.dir/build
make[1]: entrant dans le répertoire « /fs03/share/users/sebastien.mousnier/home/Bureau/PROJET_MAJEURE/OpenCV_3_Car_Counting_Cpp-master/CMakeFiles/CMakeTmp »
/usr/bin/cmake -E cmake_progress_report /fs03/share/users/sebastien.mousnier/home/Bureau/PROJET_MAJEURE/OpenCV_3_Car_Counting_Cpp-master/CMakeFiles/CMakeTmp/CMakeFiles 1
Building C object CMakeFiles/cmTryCompileExec497188430.dir/CheckFunctionExists.c.o
/usr/bin/cc   -DCHECK_FUNCTION_EXISTS=XOpenDisplay   -o CMakeFiles/cmTryCompileExec497188430.dir/CheckFunctionExists.c.o   -c /usr/share/cmake-2.8/Modules/CheckFunctionExists.c
Linking C executable cmTryCompileExec497188430
/usr/bin/cmake -E cmake_link_script CMakeFiles/cmTryCompileExec497188430.dir/link.txt --verbose=1
/usr/bin/cc   -DCHECK_FUNCTION_EXISTS=XOpenDisplay    CMakeFiles/cmTryCompileExec497188430.dir/CheckFunctionExists.c.o  -o cmTryCompileExec497188430 -rdynamic -lX11 -lXext 
make[1]: quittant le répertoire « /fs03/share/users/sebastien.mousnier/home/Bureau/PROJET_MAJEURE/OpenCV_3_Car_Counting_Cpp-master/CMakeFiles/CMakeTmp »


Determining if the function gethostbyname exists passed with the following output:
Change Dir: /fs03/share/users/sebastien.mousnier/home/Bureau/PROJET_MAJEURE/OpenCV_3_Car_Counting_Cpp-master/CMakeFiles/CMakeTmp

Run Build Command:/usr/bin/make "cmTryCompileExec2686530583/fast"
/usr/bin/make -f CMakeFiles/cmTryCompileExec2686530583.dir/build.make CMakeFiles/cmTryCompileExec2686530583.dir/build
make[1]: entrant dans le répertoire « /fs03/share/users/sebastien.mousnier/home/Bureau/PROJET_MAJEURE/OpenCV_3_Car_Counting_Cpp-master/CMakeFiles/CMakeTmp »
/usr/bin/cmake -E cmake_progress_report /fs03/share/users/sebastien.mousnier/home/Bureau/PROJET_MAJEURE/OpenCV_3_Car_Counting_Cpp-master/CMakeFiles/CMakeTmp/CMakeFiles 1
Building C object CMakeFiles/cmTryCompileExec2686530583.dir/CheckFunctionExists.c.o
/usr/bin/cc   -DCHECK_FUNCTION_EXISTS=gethostbyname   -o CMakeFiles/cmTryCompileExec2686530583.dir/CheckFunctionExists.c.o   -c /usr/share/cmake-2.8/Modules/CheckFunctionExists.c
Linking C executable cmTryCompileExec2686530583
/usr/bin/cmake -E cmake_link_script CMakeFiles/cmTryCompileExec2686530583.dir/link.txt --verbose=1
/usr/bin/cc   -DCHECK_FUNCTION_EXISTS=gethostbyname    CMakeFiles/cmTryCompileExec2686530583.dir/CheckFunctionExists.c.o  -o cmTryCompileExec2686530583 -rdynamic 
make[1]: quittant le répertoire « /fs03/share/users/sebastien.mousnier/home/Bureau/PROJET_MAJEURE/OpenCV_3_Car_Counting_Cpp-master/CMakeFiles/CMakeTmp »


Determining if the function connect exists passed with the following output:
Change Dir: /fs03/share/users/sebastien.mousnier/home/Bureau/PROJET_MAJEURE/OpenCV_3_Car_Counting_Cpp-master/CMakeFiles/CMakeTmp

Run Build Command:/usr/bin/make "cmTryCompileExec2154957506/fast"
/usr/bin/make -f CMakeFiles/cmTryCompileExec2154957506.dir/build.make CMakeFiles/cmTryCompileExec2154957506.dir/build
make[1]: entrant dans le répertoire « /fs03/share/users/sebastien.mousnier/home/Bureau/PROJET_MAJEURE/OpenCV_3_Car_Counting_Cpp-master/CMakeFiles/CMakeTmp »
/usr/bin/cmake -E cmake_progress_report /fs03/share/users/sebastien.mousnier/home/Bureau/PROJET_MAJEURE/OpenCV_3_Car_Counting_Cpp-master/CMakeFiles/CMakeTmp/CMakeFiles 1
Building C object CMakeFiles/cmTryCompileExec2154957506.dir/CheckFunctionExists.c.o
/usr/bin/cc   -DCHECK_FUNCTION_EXISTS=connect   -o CMakeFiles/cmTryCompileExec2154957506.dir/CheckFunctionExists.c.o   -c /usr/share/cmake-2.8/Modules/CheckFunctionExists.c
Linking C executable cmTryCompileExec2154957506
/usr/bin/cmake -E cmake_link_script CMakeFiles/cmTryCompileExec2154957506.dir/link.txt --verbose=1
/usr/bin/cc   -DCHECK_FUNCTION_EXISTS=connect    CMakeFiles/cmTryCompileExec2154957506.dir/CheckFunctionExists.c.o  -o cmTryCompileExec2154957506 -rdynamic 
make[1]: quittant le répertoire « /fs03/share/users/sebastien.mousnier/home/Bureau/PROJET_MAJEURE/OpenCV_3_Car_Counting_Cpp-master/CMakeFiles/CMakeTmp »


Determining if the function remove exists passed with the following output:
Change Dir: /fs03/share/users/sebastien.mousnier/home/Bureau/PROJET_MAJEURE/OpenCV_3_Car_Counting_Cpp-master/CMakeFiles/CMakeTmp

Run Build Command:/usr/bin/make "cmTryCompileExec3662786927/fast"
/usr/bin/make -f CMakeFiles/cmTryCompileExec3662786927.dir/build.make CMakeFiles/cmTryCompileExec3662786927.dir/build
make[1]: entrant dans le répertoire « /fs03/share/users/sebastien.mousnier/home/Bureau/PROJET_MAJEURE/OpenCV_3_Car_Counting_Cpp-master/CMakeFiles/CMakeTmp »
/usr/bin/cmake -E cmake_progress_report /fs03/share/users/sebastien.mousnier/home/Bureau/PROJET_MAJEURE/OpenCV_3_Car_Counting_Cpp-master/CMakeFiles/CMakeTmp/CMakeFiles 1
Building C object CMakeFiles/cmTryCompileExec3662786927.dir/CheckFunctionExists.c.o
/usr/bin/cc   -DCHECK_FUNCTION_EXISTS=remove   -o CMakeFiles/cmTryCompileExec3662786927.dir/CheckFunctionExists.c.o   -c /usr/share/cmake-2.8/Modules/CheckFunctionExists.c
Linking C executable cmTryCompileExec3662786927
/usr/bin/cmake -E cmake_link_script CMakeFiles/cmTryCompileExec3662786927.dir/link.txt --verbose=1
/usr/bin/cc   -DCHECK_FUNCTION_EXISTS=remove    CMakeFiles/cmTryCompileExec3662786927.dir/CheckFunctionExists.c.o  -o cmTryCompileExec3662786927 -rdynamic 
make[1]: quittant le répertoire « /fs03/share/users/sebastien.mousnier/home/Bureau/PROJET_MAJEURE/OpenCV_3_Car_Counting_Cpp-master/CMakeFiles/CMakeTmp »


Determining if the function shmat exists passed with the following output:
Change Dir: /fs03/share/users/sebastien.mousnier/home/Bureau/PROJET_MAJEURE/OpenCV_3_Car_Counting_Cpp-master/CMakeFiles/CMakeTmp

Run Build Command:/usr/bin/make "cmTryCompileExec3771367700/fast"
/usr/bin/make -f CMakeFiles/cmTryCompileExec3771367700.dir/build.make CMakeFiles/cmTryCompileExec3771367700.dir/build
make[1]: entrant dans le répertoire « /fs03/share/users/sebastien.mousnier/home/Bureau/PROJET_MAJEURE/OpenCV_3_Car_Counting_Cpp-master/CMakeFiles/CMakeTmp »
/usr/bin/cmake -E cmake_progress_report /fs03/share/users/sebastien.mousnier/home/Bureau/PROJET_MAJEURE/OpenCV_3_Car_Counting_Cpp-master/CMakeFiles/CMakeTmp/CMakeFiles 1
Building C object CMakeFiles/cmTryCompileExec3771367700.dir/CheckFunctionExists.c.o
/usr/bin/cc   -DCHECK_FUNCTION_EXISTS=shmat   -o CMakeFiles/cmTryCompileExec3771367700.dir/CheckFunctionExists.c.o   -c /usr/share/cmake-2.8/Modules/CheckFunctionExists.c
Linking C executable cmTryCompileExec3771367700
/usr/bin/cmake -E cmake_link_script CMakeFiles/cmTryCompileExec3771367700.dir/link.txt --verbose=1
/usr/bin/cc   -DCHECK_FUNCTION_EXISTS=shmat    CMakeFiles/cmTryCompileExec3771367700.dir/CheckFunctionExists.c.o  -o cmTryCompileExec3771367700 -rdynamic 
make[1]: quittant le répertoire « /fs03/share/users/sebastien.mousnier/home/Bureau/PROJET_MAJEURE/OpenCV_3_Car_Counting_Cpp-master/CMakeFiles/CMakeTmp »


Determining if the function IceConnectionNumber exists in the ICE passed with the following output:
Change Dir: /fs03/share/users/sebastien.mousnier/home/Bureau/PROJET_MAJEURE/OpenCV_3_Car_Counting_Cpp-master/CMakeFiles/CMakeTmp

Run Build Command:/usr/bin/make "cmTryCompileExec1394544964/fast"
/usr/bin/make -f CMakeFiles/cmTryCompileExec1394544964.dir/build.make CMakeFiles/cmTryCompileExec1394544964.dir/build
make[1]: entrant dans le répertoire « /fs03/share/users/sebastien.mousnier/home/Bureau/PROJET_MAJEURE/OpenCV_3_Car_Counting_Cpp-master/CMakeFiles/CMakeTmp »
/usr/bin/cmake -E cmake_progress_report /fs03/share/users/sebastien.mousnier/home/Bureau/PROJET_MAJEURE/OpenCV_3_Car_Counting_Cpp-master/CMakeFiles/CMakeTmp/CMakeFiles 1
Building C object CMakeFiles/cmTryCompileExec1394544964.dir/CheckFunctionExists.c.o
/usr/bin/cc   -DCHECK_FUNCTION_EXISTS=IceConnectionNumber   -o CMakeFiles/cmTryCompileExec1394544964.dir/CheckFunctionExists.c.o   -c /usr/share/cmake-2.8/Modules/CheckFunctionExists.c
Linking C executable cmTryCompileExec1394544964
/usr/bin/cmake -E cmake_link_script CMakeFiles/cmTryCompileExec1394544964.dir/link.txt --verbose=1
/usr/bin/cc   -DCHECK_FUNCTION_EXISTS=IceConnectionNumber    CMakeFiles/cmTryCompileExec1394544964.dir/CheckFunctionExists.c.o  -o cmTryCompileExec1394544964 -rdynamic -lICE 
make[1]: quittant le répertoire « /fs03/share/users/sebastien.mousnier/home/Bureau/PROJET_MAJEURE/OpenCV_3_Car_Counting_Cpp-master/CMakeFiles/CMakeTmp »


Determining if the Q_WS_X11 exist passed with the following output:
Change Dir: /fs03/share/users/sebastien.mousnier/home/Bureau/PROJET_MAJEURE/OpenCV_3_Car_Counting_Cpp-master/CMakeFiles/CMakeTmp

Run Build Command:/usr/bin/make "cmTryCompileExec1797467153/fast"
/usr/bin/make -f CMakeFiles/cmTryCompileExec1797467153.dir/build.make CMakeFiles/cmTryCompileExec1797467153.dir/build
make[1]: entrant dans le répertoire « /fs03/share/users/sebastien.mousnier/home/Bureau/PROJET_MAJEURE/OpenCV_3_Car_Counting_Cpp-master/CMakeFiles/CMakeTmp »
/usr/bin/cmake -E cmake_progress_report /fs03/share/users/sebastien.mousnier/home/Bureau/PROJET_MAJEURE/OpenCV_3_Car_Counting_Cpp-master/CMakeFiles/CMakeTmp/CMakeFiles 1
Building CXX object CMakeFiles/cmTryCompileExec1797467153.dir/CheckSymbolExists.cxx.o
/usr/bin/c++    -I/usr/include/qt4    -o CMakeFiles/cmTryCompileExec1797467153.dir/CheckSymbolExists.cxx.o -c /fs03/share/users/sebastien.mousnier/home/Bureau/PROJET_MAJEURE/OpenCV_3_Car_Counting_Cpp-master/CMakeFiles/CMakeTmp/CheckSymbolExists.cxx
Linking CXX executable cmTryCompileExec1797467153
/usr/bin/cmake -E cmake_link_script CMakeFiles/cmTryCompileExec1797467153.dir/link.txt --verbose=1
/usr/bin/c++        CMakeFiles/cmTryCompileExec1797467153.dir/CheckSymbolExists.cxx.o  -o cmTryCompileExec1797467153 -rdynamic 
make[1]: quittant le répertoire « /fs03/share/users/sebastien.mousnier/home/Bureau/PROJET_MAJEURE/OpenCV_3_Car_Counting_Cpp-master/CMakeFiles/CMakeTmp »

File /fs03/share/users/sebastien.mousnier/home/Bureau/PROJET_MAJEURE/OpenCV_3_Car_Counting_Cpp-master/CMakeFiles/CMakeTmp/CheckSymbolExists.cxx:
/* */
#include <QtCore/qglobal.h>

int main(int argc, char** argv)
{
  (void)argv;
#ifndef Q_WS_X11
  return ((int*)(&Q_WS_X11))[argc];
#else
  (void)argc;
  return 0;
#endif
}

Determining if the function XOpenDisplay exists in the /usr/lib/x86_64-linux-gnu/libX11.so;/usr/lib/x86_64-linux-gnu/libXext.so passed with the following output:
Change Dir: /fs03/share/users/sebastien.mousnier/home/Bureau/PROJET_MAJEURE/OpenCV_3_Car_Counting_Cpp-master/CMakeFiles/CMakeTmp

Run Build Command:/usr/bin/make "cmTryCompileExec2776244632/fast"
/usr/bin/make -f CMakeFiles/cmTryCompileExec2776244632.dir/build.make CMakeFiles/cmTryCompileExec2776244632.dir/build
make[1]: entrant dans le répertoire « /fs03/share/users/sebastien.mousnier/home/Bureau/PROJET_MAJEURE/OpenCV_3_Car_Counting_Cpp-master/CMakeFiles/CMakeTmp »
/usr/bin/cmake -E cmake_progress_report /fs03/share/users/sebastien.mousnier/home/Bureau/PROJET_MAJEURE/OpenCV_3_Car_Counting_Cpp-master/CMakeFiles/CMakeTmp/CMakeFiles 1
Building C object CMakeFiles/cmTryCompileExec2776244632.dir/CheckFunctionExists.c.o
/usr/bin/cc   -DCHECK_FUNCTION_EXISTS=XOpenDisplay   -o CMakeFiles/cmTryCompileExec2776244632.dir/CheckFunctionExists.c.o   -c /usr/share/cmake-2.8/Modules/CheckFunctionExists.c
Linking C executable cmTryCompileExec2776244632
/usr/bin/cmake -E cmake_link_script CMakeFiles/cmTryCompileExec2776244632.dir/link.txt --verbose=1
/usr/bin/cc   -DCHECK_FUNCTION_EXISTS=XOpenDisplay    CMakeFiles/cmTryCompileExec2776244632.dir/CheckFunctionExists.c.o  -o cmTryCompileExec2776244632 -rdynamic -lX11 -lXext 
make[1]: quittant le répertoire « /fs03/share/users/sebastien.mousnier/home/Bureau/PROJET_MAJEURE/OpenCV_3_Car_Counting_Cpp-master/CMakeFiles/CMakeTmp »


Determining if the function gethostbyname exists passed with the following output:
Change Dir: /fs03/share/users/sebastien.mousnier/home/Bureau/PROJET_MAJEURE/OpenCV_3_Car_Counting_Cpp-master/CMakeFiles/CMakeTmp

Run Build Command:/usr/bin/make "cmTryCompileExec2572938145/fast"
/usr/bin/make -f CMakeFiles/cmTryCompileExec2572938145.dir/build.make CMakeFiles/cmTryCompileExec2572938145.dir/build
make[1]: entrant dans le répertoire « /fs03/share/users/sebastien.mousnier/home/Bureau/PROJET_MAJEURE/OpenCV_3_Car_Counting_Cpp-master/CMakeFiles/CMakeTmp »
/usr/bin/cmake -E cmake_progress_report /fs03/share/users/sebastien.mousnier/home/Bureau/PROJET_MAJEURE/OpenCV_3_Car_Counting_Cpp-master/CMakeFiles/CMakeTmp/CMakeFiles 1
Building C object CMakeFiles/cmTryCompileExec2572938145.dir/CheckFunctionExists.c.o
/usr/bin/cc   -DCHECK_FUNCTION_EXISTS=gethostbyname   -o CMakeFiles/cmTryCompileExec2572938145.dir/CheckFunctionExists.c.o   -c /usr/share/cmake-2.8/Modules/CheckFunctionExists.c
Linking C executable cmTryCompileExec2572938145
/usr/bin/cmake -E cmake_link_script CMakeFiles/cmTryCompileExec2572938145.dir/link.txt --verbose=1
/usr/bin/cc   -DCHECK_FUNCTION_EXISTS=gethostbyname    CMakeFiles/cmTryCompileExec2572938145.dir/CheckFunctionExists.c.o  -o cmTryCompileExec2572938145 -rdynamic 
make[1]: quittant le répertoire « /fs03/share/users/sebastien.mousnier/home/Bureau/PROJET_MAJEURE/OpenCV_3_Car_Counting_Cpp-master/CMakeFiles/CMakeTmp »


Determining if the function connect exists passed with the following output:
Change Dir: /fs03/share/users/sebastien.mousnier/home/Bureau/PROJET_MAJEURE/OpenCV_3_Car_Counting_Cpp-master/CMakeFiles/CMakeTmp

Run Build Command:/usr/bin/make "cmTryCompileExec2220096226/fast"
/usr/bin/make -f CMakeFiles/cmTryCompileExec2220096226.dir/build.make CMakeFiles/cmTryCompileExec2220096226.dir/build
make[1]: entrant dans le répertoire « /fs03/share/users/sebastien.mousnier/home/Bureau/PROJET_MAJEURE/OpenCV_3_Car_Counting_Cpp-master/CMakeFiles/CMakeTmp »
/usr/bin/cmake -E cmake_progress_report /fs03/share/users/sebastien.mousnier/home/Bureau/PROJET_MAJEURE/OpenCV_3_Car_Counting_Cpp-master/CMakeFiles/CMakeTmp/CMakeFiles 1
Building C object CMakeFiles/cmTryCompileExec2220096226.dir/CheckFunctionExists.c.o
/usr/bin/cc   -DCHECK_FUNCTION_EXISTS=connect   -o CMakeFiles/cmTryCompileExec2220096226.dir/CheckFunctionExists.c.o   -c /usr/share/cmake-2.8/Modules/CheckFunctionExists.c
Linking C executable cmTryCompileExec2220096226
/usr/bin/cmake -E cmake_link_script CMakeFiles/cmTryCompileExec2220096226.dir/link.txt --verbose=1
/usr/bin/cc   -DCHECK_FUNCTION_EXISTS=connect    CMakeFiles/cmTryCompileExec2220096226.dir/CheckFunctionExists.c.o  -o cmTryCompileExec2220096226 -rdynamic 
make[1]: quittant le répertoire « /fs03/share/users/sebastien.mousnier/home/Bureau/PROJET_MAJEURE/OpenCV_3_Car_Counting_Cpp-master/CMakeFiles/CMakeTmp »


Determining if the function remove exists passed with the following output:
Change Dir: /fs03/share/users/sebastien.mousnier/home/Bureau/PROJET_MAJEURE/OpenCV_3_Car_Counting_Cpp-master/CMakeFiles/CMakeTmp

Run Build Command:/usr/bin/make "cmTryCompileExec1021702795/fast"
/usr/bin/make -f CMakeFiles/cmTryCompileExec1021702795.dir/build.make CMakeFiles/cmTryCompileExec1021702795.dir/build
make[1]: entrant dans le répertoire « /fs03/share/users/sebastien.mousnier/home/Bureau/PROJET_MAJEURE/OpenCV_3_Car_Counting_Cpp-master/CMakeFiles/CMakeTmp »
/usr/bin/cmake -E cmake_progress_report /fs03/share/users/sebastien.mousnier/home/Bureau/PROJET_MAJEURE/OpenCV_3_Car_Counting_Cpp-master/CMakeFiles/CMakeTmp/CMakeFiles 1
Building C object CMakeFiles/cmTryCompileExec1021702795.dir/CheckFunctionExists.c.o
/usr/bin/cc   -DCHECK_FUNCTION_EXISTS=remove   -o CMakeFiles/cmTryCompileExec1021702795.dir/CheckFunctionExists.c.o   -c /usr/share/cmake-2.8/Modules/CheckFunctionExists.c
Linking C executable cmTryCompileExec1021702795
/usr/bin/cmake -E cmake_link_script CMakeFiles/cmTryCompileExec1021702795.dir/link.txt --verbose=1
/usr/bin/cc   -DCHECK_FUNCTION_EXISTS=remove    CMakeFiles/cmTryCompileExec1021702795.dir/CheckFunctionExists.c.o  -o cmTryCompileExec1021702795 -rdynamic 
make[1]: quittant le répertoire « /fs03/share/users/sebastien.mousnier/home/Bureau/PROJET_MAJEURE/OpenCV_3_Car_Counting_Cpp-master/CMakeFiles/CMakeTmp »


Determining if the function shmat exists passed with the following output:
Change Dir: /fs03/share/users/sebastien.mousnier/home/Bureau/PROJET_MAJEURE/OpenCV_3_Car_Counting_Cpp-master/CMakeFiles/CMakeTmp

Run Build Command:/usr/bin/make "cmTryCompileExec1344962751/fast"
/usr/bin/make -f CMakeFiles/cmTryCompileExec1344962751.dir/build.make CMakeFiles/cmTryCompileExec1344962751.dir/build
make[1]: entrant dans le répertoire « /fs03/share/users/sebastien.mousnier/home/Bureau/PROJET_MAJEURE/OpenCV_3_Car_Counting_Cpp-master/CMakeFiles/CMakeTmp »
/usr/bin/cmake -E cmake_progress_report /fs03/share/users/sebastien.mousnier/home/Bureau/PROJET_MAJEURE/OpenCV_3_Car_Counting_Cpp-master/CMakeFiles/CMakeTmp/CMakeFiles 1
Building C object CMakeFiles/cmTryCompileExec1344962751.dir/CheckFunctionExists.c.o
/usr/bin/cc   -DCHECK_FUNCTION_EXISTS=shmat   -o CMakeFiles/cmTryCompileExec1344962751.dir/CheckFunctionExists.c.o   -c /usr/share/cmake-2.8/Modules/CheckFunctionExists.c
Linking C executable cmTryCompileExec1344962751
/usr/bin/cmake -E cmake_link_script CMakeFiles/cmTryCompileExec1344962751.dir/link.txt --verbose=1
/usr/bin/cc   -DCHECK_FUNCTION_EXISTS=shmat    CMakeFiles/cmTryCompileExec1344962751.dir/CheckFunctionExists.c.o  -o cmTryCompileExec1344962751 -rdynamic 
make[1]: quittant le répertoire « /fs03/share/users/sebastien.mousnier/home/Bureau/PROJET_MAJEURE/OpenCV_3_Car_Counting_Cpp-master/CMakeFiles/CMakeTmp »


Determining if the function IceConnectionNumber exists in the ICE passed with the following output:
Change Dir: /fs03/share/users/sebastien.mousnier/home/Bureau/PROJET_MAJEURE/OpenCV_3_Car_Counting_Cpp-master/CMakeFiles/CMakeTmp

Run Build Command:/usr/bin/make "cmTryCompileExec4290562217/fast"
/usr/bin/make -f CMakeFiles/cmTryCompileExec4290562217.dir/build.make CMakeFiles/cmTryCompileExec4290562217.dir/build
make[1]: entrant dans le répertoire « /fs03/share/users/sebastien.mousnier/home/Bureau/PROJET_MAJEURE/OpenCV_3_Car_Counting_Cpp-master/CMakeFiles/CMakeTmp »
/usr/bin/cmake -E cmake_progress_report /fs03/share/users/sebastien.mousnier/home/Bureau/PROJET_MAJEURE/OpenCV_3_Car_Counting_Cpp-master/CMakeFiles/CMakeTmp/CMakeFiles 1
Building C object CMakeFiles/cmTryCompileExec4290562217.dir/CheckFunctionExists.c.o
/usr/bin/cc   -DCHECK_FUNCTION_EXISTS=IceConnectionNumber   -o CMakeFiles/cmTryCompileExec4290562217.dir/CheckFunctionExists.c.o   -c /usr/share/cmake-2.8/Modules/CheckFunctionExists.c
Linking C executable cmTryCompileExec4290562217
/usr/bin/cmake -E cmake_link_script CMakeFiles/cmTryCompileExec4290562217.dir/link.txt --verbose=1
/usr/bin/cc   -DCHECK_FUNCTION_EXISTS=IceConnectionNumber    CMakeFiles/cmTryCompileExec4290562217.dir/CheckFunctionExists.c.o  -o cmTryCompileExec4290562217 -rdynamic -lICE 
make[1]: quittant le répertoire « /fs03/share/users/sebastien.mousnier/home/Bureau/PROJET_MAJEURE/OpenCV_3_Car_Counting_Cpp-master/CMakeFiles/CMakeTmp »


