Determining if the Q_WS_WIN exist failed with the following output:
Change Dir: /fs03/share/users/sebastien.mousnier/home/Bureau/PROJET_MAJEURE/OpenCV_3_Car_Counting_Cpp-master/CMakeFiles/CMakeTmp

Run Build Command:/usr/bin/make "cmTryCompileExec988996100/fast"
/usr/bin/make -f CMakeFiles/cmTryCompileExec988996100.dir/build.make CMakeFiles/cmTryCompileExec988996100.dir/build
make[1]: entrant dans le répertoire « /fs03/share/users/sebastien.mousnier/home/Bureau/PROJET_MAJEURE/OpenCV_3_Car_Counting_Cpp-master/CMakeFiles/CMakeTmp »
/usr/bin/cmake -E cmake_progress_report /fs03/share/users/sebastien.mousnier/home/Bureau/PROJET_MAJEURE/OpenCV_3_Car_Counting_Cpp-master/CMakeFiles/CMakeTmp/CMakeFiles 1
Building CXX object CMakeFiles/cmTryCompileExec988996100.dir/CheckSymbolExists.cxx.o
/usr/bin/c++    -I/usr/include/qt4    -o CMakeFiles/cmTryCompileExec988996100.dir/CheckSymbolExists.cxx.o -c /fs03/share/users/sebastien.mousnier/home/Bureau/PROJET_MAJEURE/OpenCV_3_Car_Counting_Cpp-master/CMakeFiles/CMakeTmp/CheckSymbolExists.cxx
/fs03/share/users/sebastien.mousnier/home/Bureau/PROJET_MAJEURE/OpenCV_3_Car_Counting_Cpp-master/CMakeFiles/CMakeTmp/CheckSymbolExists.cxx: In function ‘int main(int, char**)’:
/fs03/share/users/sebastien.mousnier/home/Bureau/PROJET_MAJEURE/OpenCV_3_Car_Counting_Cpp-master/CMakeFiles/CMakeTmp/CheckSymbolExists.cxx:8:19: error: ‘Q_WS_WIN’ was not declared in this scope
   return ((int*)(&Q_WS_WIN))[argc];
                   ^
make[1]: *** [CMakeFiles/cmTryCompileExec988996100.dir/CheckSymbolExists.cxx.o] Erreur 1
make[1]: quittant le répertoire « /fs03/share/users/sebastien.mousnier/home/Bureau/PROJET_MAJEURE/OpenCV_3_Car_Counting_Cpp-master/CMakeFiles/CMakeTmp »
make: *** [cmTryCompileExec988996100/fast] Erreur 2

File /fs03/share/users/sebastien.mousnier/home/Bureau/PROJET_MAJEURE/OpenCV_3_Car_Counting_Cpp-master/CMakeFiles/CMakeTmp/CheckSymbolExists.cxx:
/* */
#include <QtCore/qglobal.h>

int main(int argc, char** argv)
{
  (void)argv;
#ifndef Q_WS_WIN
  return ((int*)(&Q_WS_WIN))[argc];
#else
  (void)argc;
  return 0;
#endif
}

Determining if the Q_WS_QWS exist failed with the following output:
Change Dir: /fs03/share/users/sebastien.mousnier/home/Bureau/PROJET_MAJEURE/OpenCV_3_Car_Counting_Cpp-master/CMakeFiles/CMakeTmp

Run Build Command:/usr/bin/make "cmTryCompileExec3963478524/fast"
/usr/bin/make -f CMakeFiles/cmTryCompileExec3963478524.dir/build.make CMakeFiles/cmTryCompileExec3963478524.dir/build
make[1]: entrant dans le répertoire « /fs03/share/users/sebastien.mousnier/home/Bureau/PROJET_MAJEURE/OpenCV_3_Car_Counting_Cpp-master/CMakeFiles/CMakeTmp »
/usr/bin/cmake -E cmake_progress_report /fs03/share/users/sebastien.mousnier/home/Bureau/PROJET_MAJEURE/OpenCV_3_Car_Counting_Cpp-master/CMakeFiles/CMakeTmp/CMakeFiles 1
Building CXX object CMakeFiles/cmTryCompileExec3963478524.dir/CheckSymbolExists.cxx.o
/usr/bin/c++    -I/usr/include/qt4    -o CMakeFiles/cmTryCompileExec3963478524.dir/CheckSymbolExists.cxx.o -c /fs03/share/users/sebastien.mousnier/home/Bureau/PROJET_MAJEURE/OpenCV_3_Car_Counting_Cpp-master/CMakeFiles/CMakeTmp/CheckSymbolExists.cxx
/fs03/share/users/sebastien.mousnier/home/Bureau/PROJET_MAJEURE/OpenCV_3_Car_Counting_Cpp-master/CMakeFiles/CMakeTmp/CheckSymbolExists.cxx: In function ‘int main(int, char**)’:
/fs03/share/users/sebastien.mousnier/home/Bureau/PROJET_MAJEURE/OpenCV_3_Car_Counting_Cpp-master/CMakeFiles/CMakeTmp/CheckSymbolExists.cxx:8:19: error: ‘Q_WS_QWS’ was not declared in this scope
   return ((int*)(&Q_WS_QWS))[argc];
                   ^
make[1]: *** [CMakeFiles/cmTryCompileExec3963478524.dir/CheckSymbolExists.cxx.o] Erreur 1
make[1]: quittant le répertoire « /fs03/share/users/sebastien.mousnier/home/Bureau/PROJET_MAJEURE/OpenCV_3_Car_Counting_Cpp-master/CMakeFiles/CMakeTmp »
make: *** [cmTryCompileExec3963478524/fast] Erreur 2

File /fs03/share/users/sebastien.mousnier/home/Bureau/PROJET_MAJEURE/OpenCV_3_Car_Counting_Cpp-master/CMakeFiles/CMakeTmp/CheckSymbolExists.cxx:
/* */
#include <QtCore/qglobal.h>

int main(int argc, char** argv)
{
  (void)argv;
#ifndef Q_WS_QWS
  return ((int*)(&Q_WS_QWS))[argc];
#else
  (void)argc;
  return 0;
#endif
}

Determining if the Q_WS_MAC exist failed with the following output:
Change Dir: /fs03/share/users/sebastien.mousnier/home/Bureau/PROJET_MAJEURE/OpenCV_3_Car_Counting_Cpp-master/CMakeFiles/CMakeTmp

Run Build Command:/usr/bin/make "cmTryCompileExec2932186440/fast"
/usr/bin/make -f CMakeFiles/cmTryCompileExec2932186440.dir/build.make CMakeFiles/cmTryCompileExec2932186440.dir/build
make[1]: entrant dans le répertoire « /fs03/share/users/sebastien.mousnier/home/Bureau/PROJET_MAJEURE/OpenCV_3_Car_Counting_Cpp-master/CMakeFiles/CMakeTmp »
/usr/bin/cmake -E cmake_progress_report /fs03/share/users/sebastien.mousnier/home/Bureau/PROJET_MAJEURE/OpenCV_3_Car_Counting_Cpp-master/CMakeFiles/CMakeTmp/CMakeFiles 1
Building CXX object CMakeFiles/cmTryCompileExec2932186440.dir/CheckSymbolExists.cxx.o
/usr/bin/c++    -I/usr/include/qt4    -o CMakeFiles/cmTryCompileExec2932186440.dir/CheckSymbolExists.cxx.o -c /fs03/share/users/sebastien.mousnier/home/Bureau/PROJET_MAJEURE/OpenCV_3_Car_Counting_Cpp-master/CMakeFiles/CMakeTmp/CheckSymbolExists.cxx
/fs03/share/users/sebastien.mousnier/home/Bureau/PROJET_MAJEURE/OpenCV_3_Car_Counting_Cpp-master/CMakeFiles/CMakeTmp/CheckSymbolExists.cxx: In function ‘int main(int, char**)’:
/fs03/share/users/sebastien.mousnier/home/Bureau/PROJET_MAJEURE/OpenCV_3_Car_Counting_Cpp-master/CMakeFiles/CMakeTmp/CheckSymbolExists.cxx:8:19: error: ‘Q_WS_MAC’ was not declared in this scope
   return ((int*)(&Q_WS_MAC))[argc];
                   ^
make[1]: *** [CMakeFiles/cmTryCompileExec2932186440.dir/CheckSymbolExists.cxx.o] Erreur 1
make[1]: quittant le répertoire « /fs03/share/users/sebastien.mousnier/home/Bureau/PROJET_MAJEURE/OpenCV_3_Car_Counting_Cpp-master/CMakeFiles/CMakeTmp »
make: *** [cmTryCompileExec2932186440/fast] Erreur 2

File /fs03/share/users/sebastien.mousnier/home/Bureau/PROJET_MAJEURE/OpenCV_3_Car_Counting_Cpp-master/CMakeFiles/CMakeTmp/CheckSymbolExists.cxx:
/* */
#include <QtCore/qglobal.h>

int main(int argc, char** argv)
{
  (void)argv;
#ifndef Q_WS_MAC
  return ((int*)(&Q_WS_MAC))[argc];
#else
  (void)argc;
  return 0;
#endif
}

Determining if the Q_WS_WIN exist failed with the following output:
Change Dir: /fs03/share/users/sebastien.mousnier/home/Bureau/PROJET_MAJEURE/OpenCV_3_Car_Counting_Cpp-master/CMakeFiles/CMakeTmp

Run Build Command:/usr/bin/make "cmTryCompileExec4158163068/fast"
/usr/bin/make -f CMakeFiles/cmTryCompileExec4158163068.dir/build.make CMakeFiles/cmTryCompileExec4158163068.dir/build
make[1]: entrant dans le répertoire « /fs03/share/users/sebastien.mousnier/home/Bureau/PROJET_MAJEURE/OpenCV_3_Car_Counting_Cpp-master/CMakeFiles/CMakeTmp »
/usr/bin/cmake -E cmake_progress_report /fs03/share/users/sebastien.mousnier/home/Bureau/PROJET_MAJEURE/OpenCV_3_Car_Counting_Cpp-master/CMakeFiles/CMakeTmp/CMakeFiles 1
Building CXX object CMakeFiles/cmTryCompileExec4158163068.dir/CheckSymbolExists.cxx.o
/usr/bin/c++    -I/usr/include/qt4    -o CMakeFiles/cmTryCompileExec4158163068.dir/CheckSymbolExists.cxx.o -c /fs03/share/users/sebastien.mousnier/home/Bureau/PROJET_MAJEURE/OpenCV_3_Car_Counting_Cpp-master/CMakeFiles/CMakeTmp/CheckSymbolExists.cxx
/fs03/share/users/sebastien.mousnier/home/Bureau/PROJET_MAJEURE/OpenCV_3_Car_Counting_Cpp-master/CMakeFiles/CMakeTmp/CheckSymbolExists.cxx: In function ‘int main(int, char**)’:
/fs03/share/users/sebastien.mousnier/home/Bureau/PROJET_MAJEURE/OpenCV_3_Car_Counting_Cpp-master/CMakeFiles/CMakeTmp/CheckSymbolExists.cxx:8:19: error: ‘Q_WS_WIN’ was not declared in this scope
   return ((int*)(&Q_WS_WIN))[argc];
                   ^
make[1]: *** [CMakeFiles/cmTryCompileExec4158163068.dir/CheckSymbolExists.cxx.o] Erreur 1
make[1]: quittant le répertoire « /fs03/share/users/sebastien.mousnier/home/Bureau/PROJET_MAJEURE/OpenCV_3_Car_Counting_Cpp-master/CMakeFiles/CMakeTmp »
make: *** [cmTryCompileExec4158163068/fast] Erreur 2

File /fs03/share/users/sebastien.mousnier/home/Bureau/PROJET_MAJEURE/OpenCV_3_Car_Counting_Cpp-master/CMakeFiles/CMakeTmp/CheckSymbolExists.cxx:
/* */
#include <QtCore/qglobal.h>

int main(int argc, char** argv)
{
  (void)argv;
#ifndef Q_WS_WIN
  return ((int*)(&Q_WS_WIN))[argc];
#else
  (void)argc;
  return 0;
#endif
}

Determining if the Q_WS_QWS exist failed with the following output:
Change Dir: /fs03/share/users/sebastien.mousnier/home/Bureau/PROJET_MAJEURE/OpenCV_3_Car_Counting_Cpp-master/CMakeFiles/CMakeTmp

Run Build Command:/usr/bin/make "cmTryCompileExec2236120604/fast"
/usr/bin/make -f CMakeFiles/cmTryCompileExec2236120604.dir/build.make CMakeFiles/cmTryCompileExec2236120604.dir/build
make[1]: entrant dans le répertoire « /fs03/share/users/sebastien.mousnier/home/Bureau/PROJET_MAJEURE/OpenCV_3_Car_Counting_Cpp-master/CMakeFiles/CMakeTmp »
/usr/bin/cmake -E cmake_progress_report /fs03/share/users/sebastien.mousnier/home/Bureau/PROJET_MAJEURE/OpenCV_3_Car_Counting_Cpp-master/CMakeFiles/CMakeTmp/CMakeFiles 1
Building CXX object CMakeFiles/cmTryCompileExec2236120604.dir/CheckSymbolExists.cxx.o
/usr/bin/c++    -I/usr/include/qt4    -o CMakeFiles/cmTryCompileExec2236120604.dir/CheckSymbolExists.cxx.o -c /fs03/share/users/sebastien.mousnier/home/Bureau/PROJET_MAJEURE/OpenCV_3_Car_Counting_Cpp-master/CMakeFiles/CMakeTmp/CheckSymbolExists.cxx
/fs03/share/users/sebastien.mousnier/home/Bureau/PROJET_MAJEURE/OpenCV_3_Car_Counting_Cpp-master/CMakeFiles/CMakeTmp/CheckSymbolExists.cxx: In function ‘int main(int, char**)’:
/fs03/share/users/sebastien.mousnier/home/Bureau/PROJET_MAJEURE/OpenCV_3_Car_Counting_Cpp-master/CMakeFiles/CMakeTmp/CheckSymbolExists.cxx:8:19: error: ‘Q_WS_QWS’ was not declared in this scope
   return ((int*)(&Q_WS_QWS))[argc];
                   ^
make[1]: *** [CMakeFiles/cmTryCompileExec2236120604.dir/CheckSymbolExists.cxx.o] Erreur 1
make[1]: quittant le répertoire « /fs03/share/users/sebastien.mousnier/home/Bureau/PROJET_MAJEURE/OpenCV_3_Car_Counting_Cpp-master/CMakeFiles/CMakeTmp »
make: *** [cmTryCompileExec2236120604/fast] Erreur 2

File /fs03/share/users/sebastien.mousnier/home/Bureau/PROJET_MAJEURE/OpenCV_3_Car_Counting_Cpp-master/CMakeFiles/CMakeTmp/CheckSymbolExists.cxx:
/* */
#include <QtCore/qglobal.h>

int main(int argc, char** argv)
{
  (void)argv;
#ifndef Q_WS_QWS
  return ((int*)(&Q_WS_QWS))[argc];
#else
  (void)argc;
  return 0;
#endif
}

Determining if the Q_WS_MAC exist failed with the following output:
Change Dir: /fs03/share/users/sebastien.mousnier/home/Bureau/PROJET_MAJEURE/OpenCV_3_Car_Counting_Cpp-master/CMakeFiles/CMakeTmp

Run Build Command:/usr/bin/make "cmTryCompileExec35438328/fast"
/usr/bin/make -f CMakeFiles/cmTryCompileExec35438328.dir/build.make CMakeFiles/cmTryCompileExec35438328.dir/build
make[1]: entrant dans le répertoire « /fs03/share/users/sebastien.mousnier/home/Bureau/PROJET_MAJEURE/OpenCV_3_Car_Counting_Cpp-master/CMakeFiles/CMakeTmp »
/usr/bin/cmake -E cmake_progress_report /fs03/share/users/sebastien.mousnier/home/Bureau/PROJET_MAJEURE/OpenCV_3_Car_Counting_Cpp-master/CMakeFiles/CMakeTmp/CMakeFiles 1
Building CXX object CMakeFiles/cmTryCompileExec35438328.dir/CheckSymbolExists.cxx.o
/usr/bin/c++    -I/usr/include/qt4    -o CMakeFiles/cmTryCompileExec35438328.dir/CheckSymbolExists.cxx.o -c /fs03/share/users/sebastien.mousnier/home/Bureau/PROJET_MAJEURE/OpenCV_3_Car_Counting_Cpp-master/CMakeFiles/CMakeTmp/CheckSymbolExists.cxx
/fs03/share/users/sebastien.mousnier/home/Bureau/PROJET_MAJEURE/OpenCV_3_Car_Counting_Cpp-master/CMakeFiles/CMakeTmp/CheckSymbolExists.cxx: In function ‘int main(int, char**)’:
/fs03/share/users/sebastien.mousnier/home/Bureau/PROJET_MAJEURE/OpenCV_3_Car_Counting_Cpp-master/CMakeFiles/CMakeTmp/CheckSymbolExists.cxx:8:19: error: ‘Q_WS_MAC’ was not declared in this scope
   return ((int*)(&Q_WS_MAC))[argc];
                   ^
make[1]: *** [CMakeFiles/cmTryCompileExec35438328.dir/CheckSymbolExists.cxx.o] Erreur 1
make[1]: quittant le répertoire « /fs03/share/users/sebastien.mousnier/home/Bureau/PROJET_MAJEURE/OpenCV_3_Car_Counting_Cpp-master/CMakeFiles/CMakeTmp »
make: *** [cmTryCompileExec35438328/fast] Erreur 2

File /fs03/share/users/sebastien.mousnier/home/Bureau/PROJET_MAJEURE/OpenCV_3_Car_Counting_Cpp-master/CMakeFiles/CMakeTmp/CheckSymbolExists.cxx:
/* */
#include <QtCore/qglobal.h>

int main(int argc, char** argv)
{
  (void)argv;
#ifndef Q_WS_MAC
  return ((int*)(&Q_WS_MAC))[argc];
#else
  (void)argc;
  return 0;
#endif
}

